E, [2021-06-11T16:00:47.354887 #6489] ERROR -- Kitchen: ------Exception-------
E, [2021-06-11T16:00:47.354954 #6489] ERROR -- Kitchen: Class: Kitchen::UserError
E, [2021-06-11T16:00:47.354975 #6489] ERROR -- Kitchen: Message: Kitchen YAML file /home/davidpontiusngc/chef-repo/kitchen.yml does not exist.
E, [2021-06-11T16:00:47.354989 #6489] ERROR -- Kitchen: ----------------------
E, [2021-06-11T16:00:47.355000 #6489] ERROR -- Kitchen: ------Backtrace-------
E, [2021-06-11T16:00:47.355011 #6489] ERROR -- Kitchen: /usr/local/rvm/rubies/ruby-2.7.2/lib/ruby/gems/2.7.0/gems/test-kitchen-2.11.2/lib/kitchen/loader/yaml.rb:65:in `read'
E, [2021-06-11T16:00:47.355023 #6489] ERROR -- Kitchen: /usr/local/rvm/rubies/ruby-2.7.2/lib/ruby/gems/2.7.0/gems/test-kitchen-2.11.2/lib/kitchen/config.rb:153:in `data'
E, [2021-06-11T16:00:47.355034 #6489] ERROR -- Kitchen: /usr/local/rvm/rubies/ruby-2.7.2/lib/ruby/gems/2.7.0/gems/test-kitchen-2.11.2/lib/kitchen/config.rb:131:in `suites'
E, [2021-06-11T16:00:47.355046 #6489] ERROR -- Kitchen: /usr/local/rvm/rubies/ruby-2.7.2/lib/ruby/gems/2.7.0/gems/test-kitchen-2.11.2/lib/kitchen/config.rb:183:in `filter_instances'
E, [2021-06-11T16:00:47.355057 #6489] ERROR -- Kitchen: /usr/local/rvm/rubies/ruby-2.7.2/lib/ruby/gems/2.7.0/gems/test-kitchen-2.11.2/lib/kitchen/config.rb:142:in `build_instances'
E, [2021-06-11T16:00:47.355069 #6489] ERROR -- Kitchen: /usr/local/rvm/rubies/ruby-2.7.2/lib/ruby/gems/2.7.0/gems/test-kitchen-2.11.2/lib/kitchen/config.rb:116:in `instances'
E, [2021-06-11T16:00:47.355111 #6489] ERROR -- Kitchen: /usr/local/rvm/rubies/ruby-2.7.2/lib/ruby/gems/2.7.0/gems/test-kitchen-2.11.2/lib/kitchen/command.rb:109:in `filtered_instances'
E, [2021-06-11T16:00:47.355125 #6489] ERROR -- Kitchen: /usr/local/rvm/rubies/ruby-2.7.2/lib/ruby/gems/2.7.0/gems/test-kitchen-2.11.2/lib/kitchen/command.rb:139:in `parse_subcommand'
E, [2021-06-11T16:00:47.355136 #6489] ERROR -- Kitchen: /usr/local/rvm/rubies/ruby-2.7.2/lib/ruby/gems/2.7.0/gems/test-kitchen-2.11.2/lib/kitchen/command/list.rb:29:in `call'
E, [2021-06-11T16:00:47.355148 #6489] ERROR -- Kitchen: /usr/local/rvm/rubies/ruby-2.7.2/lib/ruby/gems/2.7.0/gems/test-kitchen-2.11.2/lib/kitchen/cli.rb:52:in `perform'
E, [2021-06-11T16:00:47.355159 #6489] ERROR -- Kitchen: /usr/local/rvm/rubies/ruby-2.7.2/lib/ruby/gems/2.7.0/gems/test-kitchen-2.11.2/lib/kitchen/cli.rb:120:in `list'
E, [2021-06-11T16:00:47.355170 #6489] ERROR -- Kitchen: /usr/local/rvm/rubies/ruby-2.7.2/lib/ruby/gems/2.7.0/gems/thor-1.1.0/lib/thor/command.rb:27:in `run'
E, [2021-06-11T16:00:47.355181 #6489] ERROR -- Kitchen: /usr/local/rvm/rubies/ruby-2.7.2/lib/ruby/gems/2.7.0/gems/thor-1.1.0/lib/thor/invocation.rb:127:in `invoke_command'
E, [2021-06-11T16:00:47.355192 #6489] ERROR -- Kitchen: /usr/local/rvm/rubies/ruby-2.7.2/lib/ruby/gems/2.7.0/gems/thor-1.1.0/lib/thor.rb:392:in `dispatch'
E, [2021-06-11T16:00:47.355203 #6489] ERROR -- Kitchen: /usr/local/rvm/rubies/ruby-2.7.2/lib/ruby/gems/2.7.0/gems/thor-1.1.0/lib/thor/base.rb:485:in `start'
E, [2021-06-11T16:00:47.355214 #6489] ERROR -- Kitchen: /usr/local/rvm/rubies/ruby-2.7.2/lib/ruby/gems/2.7.0/gems/test-kitchen-2.11.2/bin/kitchen:11:in `block in <top (required)>'
E, [2021-06-11T16:00:47.355225 #6489] ERROR -- Kitchen: /usr/local/rvm/rubies/ruby-2.7.2/lib/ruby/gems/2.7.0/gems/test-kitchen-2.11.2/lib/kitchen/errors.rb:170:in `with_friendly_errors'
E, [2021-06-11T16:00:47.355236 #6489] ERROR -- Kitchen: /usr/local/rvm/rubies/ruby-2.7.2/lib/ruby/gems/2.7.0/gems/test-kitchen-2.11.2/bin/kitchen:11:in `<top (required)>'
E, [2021-06-11T16:00:47.355247 #6489] ERROR -- Kitchen: /usr/local/rvm/rubies/ruby-2.7.2/bin/kitchen:23:in `load'
E, [2021-06-11T16:00:47.355258 #6489] ERROR -- Kitchen: /usr/local/rvm/rubies/ruby-2.7.2/bin/kitchen:23:in `<main>'
E, [2021-06-11T16:00:47.355269 #6489] ERROR -- Kitchen: /usr/local/rvm/rubies/ruby-2.7.2/bin/ruby_executable_hooks:24:in `eval'
E, [2021-06-11T16:00:47.355279 #6489] ERROR -- Kitchen: /usr/local/rvm/rubies/ruby-2.7.2/bin/ruby_executable_hooks:24:in `<main>'
E, [2021-06-11T16:00:47.355291 #6489] ERROR -- Kitchen: ----End Backtrace-----
